{"numFailedTestSuites":0,"numFailedTests":0,"numPassedTestSuites":2,"numPassedTests":42,"numPendingTestSuites":0,"numPendingTests":0,"numRuntimeErrorTestSuites":0,"numTodoTests":0,"numTotalTestSuites":2,"numTotalTests":42,"openHandles":[],"snapshot":{"added":0,"didUpdate":false,"failure":false,"filesAdded":0,"filesRemoved":0,"filesRemovedList":[],"filesUnmatched":0,"filesUpdated":0,"matched":0,"total":0,"unchecked":0,"uncheckedKeysByFile":[],"unmatched":0,"updated":0},"startTime":1651852090363,"success":true,"testResults":[{"assertionResults":[{"ancestorTitles":["Sample Test"],"failureMessages":[],"fullName":"Sample Test App is defined","location":null,"status":"passed","title":"App is defined"},{"ancestorTitles":["Sample Test"],"failureMessages":[],"fullName":"Sample Test Get newest four clients","location":null,"status":"passed","title":"Get newest four clients"},{"ancestorTitles":["Sample Test"],"failureMessages":[],"fullName":"Sample Test Post client","location":null,"status":"passed","title":"Post client"},{"ancestorTitles":["Sample Test"],"failureMessages":[],"fullName":"Sample Test Post false client","location":null,"status":"passed","title":"Post false client"},{"ancestorTitles":["Sample Test"],"failureMessages":[],"fullName":"Sample Test Post client error","location":null,"status":"passed","title":"Post client error"},{"ancestorTitles":["Sample Test"],"failureMessages":[],"fullName":"Sample Test Get clients","location":null,"status":"passed","title":"Get clients"},{"ancestorTitles":["Sample Test"],"failureMessages":[],"fullName":"Sample Test Get client by id","location":null,"status":"passed","title":"Get client by id"},{"ancestorTitles":["Sample Test"],"failureMessages":[],"fullName":"Sample Test Get client by id error","location":null,"status":"passed","title":"Get client by id error"},{"ancestorTitles":["Sample Test"],"failureMessages":[],"fullName":"Sample Test Get deactivated clients","location":null,"status":"passed","title":"Get deactivated clients"},{"ancestorTitles":["Sample Test"],"failureMessages":[],"fullName":"Sample Test Get null clients","location":null,"status":"passed","title":"Get null clients"},{"ancestorTitles":["Sample Test"],"failureMessages":[],"fullName":"Sample Test Get without token","location":null,"status":"passed","title":"Get without token"},{"ancestorTitles":["Sample Test"],"failureMessages":[],"fullName":"Sample Test Get with invalid token","location":null,"status":"passed","title":"Get with invalid token"},{"ancestorTitles":["Sample Test"],"failureMessages":[],"fullName":"Sample Test Update client","location":null,"status":"passed","title":"Update client"},{"ancestorTitles":["Sample Test"],"failureMessages":[],"fullName":"Sample Test Toggle active client","location":null,"status":"passed","title":"Toggle active client"},{"ancestorTitles":["Sample Test"],"failureMessages":[],"fullName":"Sample Test Schedule email","location":null,"status":"passed","title":"Schedule email"},{"ancestorTitles":["Sample Test"],"failureMessages":[],"fullName":"Sample Test Update client error","location":null,"status":"passed","title":"Update client error"},{"ancestorTitles":["Sample Test"],"failureMessages":[],"fullName":"Sample Test Get client history","location":null,"status":"passed","title":"Get client history"},{"ancestorTitles":["Sample Test"],"failureMessages":[],"fullName":"Sample Test Get client history error","location":null,"status":"passed","title":"Get client history error"},{"ancestorTitles":["Sample Test"],"failureMessages":[],"fullName":"Sample Test Post feature","location":null,"status":"passed","title":"Post feature"},{"ancestorTitles":["Sample Test"],"failureMessages":[],"fullName":"Sample Test Post feature with invalid name","location":null,"status":"passed","title":"Post feature with invalid name"},{"ancestorTitles":["Sample Test"],"failureMessages":[],"fullName":"Sample Test Post invalidFeature with invalid description","location":null,"status":"passed","title":"Post invalidFeature with invalid description"},{"ancestorTitles":["Sample Test"],"failureMessages":[],"fullName":"Sample Test Post feature with invalid color","location":null,"status":"passed","title":"Post feature with invalid color"},{"ancestorTitles":["Sample Test"],"failureMessages":[],"fullName":"Sample Test Post feature invalid token","location":null,"status":"passed","title":"Post feature invalid token"},{"ancestorTitles":["Sample Test"],"failureMessages":[],"fullName":"Sample Test Post feature without token","location":null,"status":"passed","title":"Post feature without token"},{"ancestorTitles":["Sample Test"],"failureMessages":[],"fullName":"Sample Test Get feature","location":null,"status":"passed","title":"Get feature"},{"ancestorTitles":["Sample Test"],"failureMessages":[],"fullName":"Sample Test Get feature with invalid token","location":null,"status":"passed","title":"Get feature with invalid token"},{"ancestorTitles":["Sample Test"],"failureMessages":[],"fullName":"Sample Test Get feature without token","location":null,"status":"passed","title":"Get feature without token"},{"ancestorTitles":["Sample Test"],"failureMessages":[],"fullName":"Sample Test Put feature","location":null,"status":"passed","title":"Put feature"},{"ancestorTitles":["Sample Test"],"failureMessages":[],"fullName":"Sample Test Put feature with invalids inputs","location":null,"status":"passed","title":"Put feature with invalids inputs"},{"ancestorTitles":["Sample Test"],"failureMessages":[],"fullName":"Sample Test Put feature with invalid token","location":null,"status":"passed","title":"Put feature with invalid token"},{"ancestorTitles":["Sample Test"],"failureMessages":[],"fullName":"Sample Test Put feature without token","location":null,"status":"passed","title":"Put feature without token"},{"ancestorTitles":["Sample Test"],"failureMessages":[],"fullName":"Sample Test Put feature with invalid ID","location":null,"status":"passed","title":"Put feature with invalid ID"},{"ancestorTitles":["Sample Test"],"failureMessages":[],"fullName":"Sample Test Get features by using ID","location":null,"status":"passed","title":"Get features by using ID"},{"ancestorTitles":["Sample Test"],"failureMessages":[],"fullName":"Sample Test Get features by using invalid ID","location":null,"status":"passed","title":"Get features by using invalid ID"},{"ancestorTitles":["Sample Test"],"failureMessages":[],"fullName":"Sample Test delete feature","location":null,"status":"passed","title":"delete feature"},{"ancestorTitles":["Sample Test"],"failureMessages":[],"fullName":"Sample Test delete feature with invalid ID","location":null,"status":"passed","title":"delete feature with invalid ID"},{"ancestorTitles":["Sample Test"],"failureMessages":[],"fullName":"Sample Test Create a lotacao","location":null,"status":"passed","title":"Create a lotacao"},{"ancestorTitles":["Sample Test"],"failureMessages":[],"fullName":"Sample Test List All lotacao","location":null,"status":"passed","title":"List All lotacao"},{"ancestorTitles":["Sample Test"],"failureMessages":[],"fullName":"Sample Test Update a lotacao","location":null,"status":"passed","title":"Update a lotacao"},{"ancestorTitles":["Sample Test"],"failureMessages":[],"fullName":"Sample Test Delete a lotacao","location":null,"status":"passed","title":"Delete a lotacao"},{"ancestorTitles":["Sample Test"],"failureMessages":[],"fullName":"Sample Test Delete a invalid lotacao","location":null,"status":"passed","title":"Delete a invalid lotacao"}],"endTime":1651852093223,"message":"","name":"/code/tests/api.test.js","startTime":1651852090773,"status":"passed","summary":""},{"assertionResults":[{"ancestorTitles":[],"failureMessages":[],"fullName":"Should get clients","location":null,"status":"passed","title":"Should get clients"}],"endTime":1651852093330,"message":"","name":"/code/tests/services.test.js","startTime":1651852093264,"status":"passed","summary":""}],"wasInterrupted":false,"coverageMap":{"/code/src/index.js":{"path":"/code/src/index.js","statementMap":{"0":{"start":{"line":1,"column":16},"end":{"line":1,"column":34}},"1":{"start":{"line":2,"column":17},"end":{"line":2,"column":36}},"2":{"start":{"line":3,"column":13},"end":{"line":3,"column":28}},"3":{"start":{"line":4,"column":15},"end":{"line":4,"column":34}},"4":{"start":{"line":5,"column":0},"end":{"line":5,"column":27}},"5":{"start":{"line":13,"column":4},"end":{"line":13,"column":15}},"6":{"start":{"line":15,"column":12},"end":{"line":15,"column":67}},"7":{"start":{"line":17,"column":0},"end":{"line":23,"column":5}},"8":{"start":{"line":19,"column":4},"end":{"line":19,"column":40}},"9":{"start":{"line":22,"column":4},"end":{"line":22,"column":55}},"10":{"start":{"line":25,"column":12},"end":{"line":25,"column":21}},"11":{"start":{"line":26,"column":0},"end":{"line":26,"column":16}},"12":{"start":{"line":27,"column":0},"end":{"line":27,"column":41}},"13":{"start":{"line":28,"column":0},"end":{"line":28,"column":16}},"14":{"start":{"line":30,"column":0},"end":{"line":32,"column":3}},"15":{"start":{"line":31,"column":2},"end":{"line":31,"column":48}},"16":{"start":{"line":34,"column":0},"end":{"line":34,"column":21}}},"fnMap":{"0":{"name":"(anonymous_0)","decl":{"start":{"line":18,"column":8},"end":{"line":18,"column":9}},"loc":{"start":{"line":18,"column":14},"end":{"line":20,"column":3}},"line":18},"1":{"name":"(anonymous_1)","decl":{"start":{"line":21,"column":9},"end":{"line":21,"column":10}},"loc":{"start":{"line":21,"column":18},"end":{"line":23,"column":3}},"line":21},"2":{"name":"(anonymous_2)","decl":{"start":{"line":30,"column":17},"end":{"line":30,"column":18}},"loc":{"start":{"line":30,"column":23},"end":{"line":32,"column":1}},"line":30}},"branchMap":{},"s":{"0":1,"1":1,"2":1,"3":1,"4":1,"5":1,"6":1,"7":1,"8":1,"9":0,"10":1,"11":1,"12":1,"13":1,"14":1,"15":1,"16":1},"f":{"0":1,"1":0,"2":1},"b":{},"_coverageSchema":"1a1c01bbd47fc00a2c39e90264f33305004495a9","hash":"95fb9a227235c7ec0521a8dead8094614cfb187b"},"/code/src/routes.js":{"path":"/code/src/routes.js","statementMap":{"0":{"start":{"line":1,"column":16},"end":{"line":1,"column":34}},"1":{"start":{"line":2,"column":22},"end":{"line":2,"column":53}},"2":{"start":{"line":3,"column":25},"end":{"line":3,"column":66}},"3":{"start":{"line":4,"column":26},"end":{"line":4,"column":68}},"4":{"start":{"line":5,"column":26},"end":{"line":5,"column":68}},"5":{"start":{"line":7,"column":15},"end":{"line":7,"column":31}},"6":{"start":{"line":9,"column":0},"end":{"line":9,"column":67}},"7":{"start":{"line":10,"column":0},"end":{"line":14,"column":2}},"8":{"start":{"line":15,"column":0},"end":{"line":15,"column":63}},"9":{"start":{"line":16,"column":0},"end":{"line":16,"column":70}},"10":{"start":{"line":17,"column":0},"end":{"line":21,"column":2}},"11":{"start":{"line":22,"column":0},"end":{"line":22,"column":63}},"12":{"start":{"line":23,"column":0},"end":{"line":23,"column":72}},"13":{"start":{"line":24,"column":0},"end":{"line":28,"column":2}},"14":{"start":{"line":29,"column":0},"end":{"line":29,"column":71}},"15":{"start":{"line":30,"column":0},"end":{"line":30,"column":76}},"16":{"start":{"line":31,"column":0},"end":{"line":31,"column":75}},"17":{"start":{"line":32,"column":0},"end":{"line":36,"column":2}},"18":{"start":{"line":37,"column":0},"end":{"line":37,"column":78}},"19":{"start":{"line":38,"column":0},"end":{"line":38,"column":68}},"20":{"start":{"line":39,"column":0},"end":{"line":39,"column":64}},"21":{"start":{"line":40,"column":0},"end":{"line":40,"column":71}},"22":{"start":{"line":41,"column":0},"end":{"line":45,"column":2}},"23":{"start":{"line":46,"column":0},"end":{"line":46,"column":24}}},"fnMap":{},"branchMap":{},"s":{"0":1,"1":1,"2":1,"3":1,"4":1,"5":1,"6":1,"7":1,"8":1,"9":1,"10":1,"11":1,"12":1,"13":1,"14":1,"15":1,"16":1,"17":1,"18":1,"19":1,"20":1,"21":1,"22":1,"23":1},"f":{},"b":{},"_coverageSchema":"1a1c01bbd47fc00a2c39e90264f33305004495a9","hash":"1b817ecff94ae6bd69e54e982fc550b00f3aff30"},"/code/src/Utils/functionsJWS.js":{"path":"/code/src/Utils/functionsJWS.js","statementMap":{"0":{"start":{"line":1,"column":12},"end":{"line":1,"column":35}},"1":{"start":{"line":4,"column":16},"end":{"line":4,"column":45}},"2":{"start":{"line":6,"column":2},"end":{"line":8,"column":3}},"3":{"start":{"line":7,"column":4},"end":{"line":7,"column":84}},"4":{"start":{"line":10,"column":2},"end":{"line":17,"column":5}},"5":{"start":{"line":11,"column":4},"end":{"line":13,"column":5}},"6":{"start":{"line":12,"column":6},"end":{"line":12,"column":101}},"7":{"start":{"line":14,"column":4},"end":{"line":14,"column":28}},"8":{"start":{"line":15,"column":4},"end":{"line":15,"column":11}},"9":{"start":{"line":16,"column":4},"end":{"line":16,"column":21}},"10":{"start":{"line":20,"column":0},"end":{"line":20,"column":31}}},"fnMap":{"0":{"name":"verifyJWT","decl":{"start":{"line":3,"column":9},"end":{"line":3,"column":18}},"loc":{"start":{"line":3,"column":35},"end":{"line":18,"column":1}},"line":3},"1":{"name":"(anonymous_1)","decl":{"start":{"line":10,"column":47},"end":{"line":10,"column":48}},"loc":{"start":{"line":10,"column":65},"end":{"line":17,"column":3}},"line":10}},"branchMap":{"0":{"loc":{"start":{"line":6,"column":2},"end":{"line":8,"column":3}},"type":"if","locations":[{"start":{"line":6,"column":2},"end":{"line":8,"column":3}},{"start":{},"end":{}}],"line":6},"1":{"loc":{"start":{"line":11,"column":4},"end":{"line":13,"column":5}},"type":"if","locations":[{"start":{"line":11,"column":4},"end":{"line":13,"column":5}},{"start":{},"end":{}}],"line":11}},"s":{"0":1,"1":50,"2":50,"3":4,"4":46,"5":46,"6":4,"7":42,"8":42,"9":42,"10":1},"f":{"0":50,"1":46},"b":{"0":[4,46],"1":[4,42]},"_coverageSchema":"1a1c01bbd47fc00a2c39e90264f33305004495a9","hash":"bf9caef562d6e74eaa286c7a249a084d23970848"},"/code/src/Controllers/ClientController.js":{"path":"/code/src/Controllers/ClientController.js","statementMap":{"0":{"start":{"line":1,"column":15},"end":{"line":1,"column":41}},"1":{"start":{"line":2,"column":15},"end":{"line":2,"column":48}},"2":{"start":{"line":3,"column":19},"end":{"line":3,"column":47}},"3":{"start":{"line":4,"column":26},"end":{"line":4,"column":52}},"4":{"start":{"line":5,"column":22},"end":{"line":5,"column":55}},"5":{"start":{"line":6,"column":20},"end":{"line":6,"column":60}},"6":{"start":{"line":7,"column":23},"end":{"line":7,"column":65}},"7":{"start":{"line":9,"column":19},"end":{"line":23,"column":1}},"8":{"start":{"line":10,"column":21},"end":{"line":10,"column":30}},"9":{"start":{"line":11,"column":2},"end":{"line":14,"column":3}},"10":{"start":{"line":12,"column":20},"end":{"line":12,"column":70}},"11":{"start":{"line":13,"column":4},"end":{"line":13,"column":29}},"12":{"start":{"line":15,"column":2},"end":{"line":18,"column":3}},"13":{"start":{"line":16,"column":20},"end":{"line":16,"column":60}},"14":{"start":{"line":17,"column":4},"end":{"line":17,"column":29}},"15":{"start":{"line":20,"column":18},"end":{"line":20,"column":74}},"16":{"start":{"line":22,"column":2},"end":{"line":22,"column":27}},"17":{"start":{"line":25,"column":15},"end":{"line":34,"column":1}},"18":{"start":{"line":26,"column":17},"end":{"line":26,"column":27}},"19":{"start":{"line":28,"column":2},"end":{"line":33,"column":3}},"20":{"start":{"line":29,"column":19},"end":{"line":29,"column":73}},"21":{"start":{"line":30,"column":4},"end":{"line":30,"column":28}},"22":{"start":{"line":32,"column":4},"end":{"line":32,"column":65}},"23":{"start":{"line":36,"column":15},"end":{"line":90,"column":1}},"24":{"start":{"line":41,"column":6},"end":{"line":41,"column":14}},"25":{"start":{"line":43,"column":23},"end":{"line":45,"column":3}},"26":{"start":{"line":47,"column":2},"end":{"line":49,"column":3}},"27":{"start":{"line":48,"column":4},"end":{"line":48,"column":59}},"28":{"start":{"line":51,"column":2},"end":{"line":89,"column":3}},"29":{"start":{"line":52,"column":18},"end":{"line":52,"column":47}},"30":{"start":{"line":53,"column":17},"end":{"line":53,"column":45}},"31":{"start":{"line":54,"column":4},"end":{"line":56,"column":5}},"32":{"start":{"line":55,"column":6},"end":{"line":55,"column":59}},"33":{"start":{"line":58,"column":17},"end":{"line":60,"column":15}},"34":{"start":{"line":61,"column":19},"end":{"line":84,"column":6}},"35":{"start":{"line":86,"column":4},"end":{"line":86,"column":28}},"36":{"start":{"line":88,"column":4},"end":{"line":88,"column":61}},"37":{"start":{"line":92,"column":15},"end":{"line":164,"column":1}},"38":{"start":{"line":93,"column":17},"end":{"line":93,"column":27}},"39":{"start":{"line":110,"column":6},"end":{"line":110,"column":14}},"40":{"start":{"line":112,"column":23},"end":{"line":119,"column":3}},"41":{"start":{"line":121,"column":2},"end":{"line":123,"column":3}},"42":{"start":{"line":122,"column":4},"end":{"line":122,"column":59}},"43":{"start":{"line":125,"column":2},"end":{"line":163,"column":3}},"44":{"start":{"line":126,"column":18},"end":{"line":126,"column":47}},"45":{"start":{"line":127,"column":17},"end":{"line":127,"column":45}},"46":{"start":{"line":128,"column":4},"end":{"line":130,"column":5}},"47":{"start":{"line":129,"column":6},"end":{"line":129,"column":59}},"48":{"start":{"line":132,"column":26},"end":{"line":132,"column":59}},"49":{"start":{"line":133,"column":20},"end":{"line":133,"column":45}},"50":{"start":{"line":134,"column":4},"end":{"line":136,"column":5}},"51":{"start":{"line":135,"column":6},"end":{"line":135,"column":56}},"52":{"start":{"line":137,"column":4},"end":{"line":159,"column":6}},"53":{"start":{"line":160,"column":4},"end":{"line":160,"column":29}},"54":{"start":{"line":162,"column":4},"end":{"line":162,"column":64}},"55":{"start":{"line":166,"column":21},"end":{"line":205,"column":1}},"56":{"start":{"line":167,"column":2},"end":{"line":204,"column":3}},"57":{"start":{"line":168,"column":18},"end":{"line":168,"column":47}},"58":{"start":{"line":169,"column":19},"end":{"line":169,"column":29}},"59":{"start":{"line":171,"column":24},"end":{"line":171,"column":57}},"60":{"start":{"line":173,"column":20},"end":{"line":173,"column":43}},"61":{"start":{"line":175,"column":4},"end":{"line":180,"column":5}},"62":{"start":{"line":175,"column":17},"end":{"line":175,"column":18}},"63":{"start":{"line":176,"column":6},"end":{"line":179,"column":7}},"64":{"start":{"line":177,"column":8},"end":{"line":177,"column":21}},"65":{"start":{"line":178,"column":8},"end":{"line":178,"column":15}},"66":{"start":{"line":182,"column":21},"end":{"line":182,"column":32}},"67":{"start":{"line":184,"column":4},"end":{"line":186,"column":5}},"68":{"start":{"line":185,"column":6},"end":{"line":185,"column":71}},"69":{"start":{"line":188,"column":4},"end":{"line":188,"column":33}},"70":{"start":{"line":190,"column":25},"end":{"line":200,"column":5}},"71":{"start":{"line":195,"column":8},"end":{"line":197,"column":9}},"72":{"start":{"line":196,"column":10},"end":{"line":196,"column":43}},"73":{"start":{"line":198,"column":8},"end":{"line":198,"column":32}},"74":{"start":{"line":201,"column":4},"end":{"line":201,"column":24}},"75":{"start":{"line":203,"column":4},"end":{"line":203,"column":65}},"76":{"start":{"line":207,"column":16},"end":{"line":242,"column":1}},"77":{"start":{"line":208,"column":17},"end":{"line":208,"column":27}},"78":{"start":{"line":210,"column":2},"end":{"line":241,"column":3}},"79":{"start":{"line":211,"column":16},"end":{"line":211,"column":18}},"80":{"start":{"line":212,"column":18},"end":{"line":212,"column":47}},"81":{"start":{"line":213,"column":24},"end":{"line":213,"column":57}},"82":{"start":{"line":214,"column":26},"end":{"line":234,"column":5}},"83":{"start":{"line":216,"column":21},"end":{"line":216,"column":54}},"84":{"start":{"line":217,"column":8},"end":{"line":220,"column":9}},"85":{"start":{"line":218,"column":10},"end":{"line":218,"column":29}},"86":{"start":{"line":219,"column":10},"end":{"line":219,"column":17}},"87":{"start":{"line":221,"column":8},"end":{"line":232,"column":10}},"88":{"start":{"line":235,"column":4},"end":{"line":237,"column":5}},"89":{"start":{"line":236,"column":6},"end":{"line":236,"column":54}},"90":{"start":{"line":238,"column":4},"end":{"line":238,"column":35}},"91":{"start":{"line":240,"column":4},"end":{"line":240,"column":65}},"92":{"start":{"line":244,"column":29},"end":{"line":248,"column":1}},"93":{"start":{"line":245,"column":18},"end":{"line":245,"column":70}},"94":{"start":{"line":247,"column":2},"end":{"line":247,"column":39}},"95":{"start":{"line":250,"column":26},"end":{"line":277,"column":1}},"96":{"start":{"line":251,"column":17},"end":{"line":251,"column":27}},"97":{"start":{"line":252,"column":40},"end":{"line":252,"column":48}},"98":{"start":{"line":253,"column":2},"end":{"line":257,"column":3}},"99":{"start":{"line":254,"column":4},"end":{"line":256,"column":7}},"100":{"start":{"line":258,"column":2},"end":{"line":276,"column":3}},"101":{"start":{"line":259,"column":19},"end":{"line":259,"column":52}},"102":{"start":{"line":260,"column":4},"end":{"line":264,"column":5}},"103":{"start":{"line":261,"column":6},"end":{"line":263,"column":9}},"104":{"start":{"line":266,"column":4},"end":{"line":271,"column":19}},"105":{"start":{"line":273,"column":4},"end":{"line":273,"column":53}},"106":{"start":{"line":275,"column":4},"end":{"line":275,"column":58}},"107":{"start":{"line":279,"column":0},"end":{"line":288,"column":2}}},"fnMap":{"0":{"name":"(anonymous_0)","decl":{"start":{"line":9,"column":19},"end":{"line":9,"column":20}},"loc":{"start":{"line":9,"column":39},"end":{"line":23,"column":1}},"line":9},"1":{"name":"(anonymous_1)","decl":{"start":{"line":25,"column":15},"end":{"line":25,"column":16}},"loc":{"start":{"line":25,"column":35},"end":{"line":34,"column":1}},"line":25},"2":{"name":"(anonymous_2)","decl":{"start":{"line":36,"column":15},"end":{"line":36,"column":16}},"loc":{"start":{"line":36,"column":35},"end":{"line":90,"column":1}},"line":36},"3":{"name":"(anonymous_3)","decl":{"start":{"line":92,"column":15},"end":{"line":92,"column":16}},"loc":{"start":{"line":92,"column":35},"end":{"line":164,"column":1}},"line":92},"4":{"name":"(anonymous_4)","decl":{"start":{"line":166,"column":21},"end":{"line":166,"column":22}},"loc":{"start":{"line":166,"column":41},"end":{"line":205,"column":1}},"line":166},"5":{"name":"(anonymous_5)","decl":{"start":{"line":194,"column":6},"end":{"line":194,"column":7}},"loc":{"start":{"line":194,"column":23},"end":{"line":199,"column":7}},"line":194},"6":{"name":"(anonymous_6)","decl":{"start":{"line":207,"column":16},"end":{"line":207,"column":17}},"loc":{"start":{"line":207,"column":36},"end":{"line":242,"column":1}},"line":207},"7":{"name":"(anonymous_7)","decl":{"start":{"line":215,"column":30},"end":{"line":215,"column":31}},"loc":{"start":{"line":215,"column":46},"end":{"line":233,"column":7}},"line":215},"8":{"name":"(anonymous_8)","decl":{"start":{"line":244,"column":29},"end":{"line":244,"column":30}},"loc":{"start":{"line":244,"column":49},"end":{"line":248,"column":1}},"line":244},"9":{"name":"(anonymous_9)","decl":{"start":{"line":250,"column":26},"end":{"line":250,"column":27}},"loc":{"start":{"line":250,"column":46},"end":{"line":277,"column":1}},"line":250}},"branchMap":{"0":{"loc":{"start":{"line":11,"column":2},"end":{"line":14,"column":3}},"type":"if","locations":[{"start":{"line":11,"column":2},"end":{"line":14,"column":3}},{"start":{},"end":{}}],"line":11},"1":{"loc":{"start":{"line":15,"column":2},"end":{"line":18,"column":3}},"type":"if","locations":[{"start":{"line":15,"column":2},"end":{"line":18,"column":3}},{"start":{},"end":{}}],"line":15},"2":{"loc":{"start":{"line":47,"column":2},"end":{"line":49,"column":3}},"type":"if","locations":[{"start":{"line":47,"column":2},"end":{"line":49,"column":3}},{"start":{},"end":{}}],"line":47},"3":{"loc":{"start":{"line":54,"column":4},"end":{"line":56,"column":5}},"type":"if","locations":[{"start":{"line":54,"column":4},"end":{"line":56,"column":5}},{"start":{},"end":{}}],"line":54},"4":{"loc":{"start":{"line":121,"column":2},"end":{"line":123,"column":3}},"type":"if","locations":[{"start":{"line":121,"column":2},"end":{"line":123,"column":3}},{"start":{},"end":{}}],"line":121},"5":{"loc":{"start":{"line":128,"column":4},"end":{"line":130,"column":5}},"type":"if","locations":[{"start":{"line":128,"column":4},"end":{"line":130,"column":5}},{"start":{},"end":{}}],"line":128},"6":{"loc":{"start":{"line":134,"column":4},"end":{"line":136,"column":5}},"type":"if","locations":[{"start":{"line":134,"column":4},"end":{"line":136,"column":5}},{"start":{},"end":{}}],"line":134},"7":{"loc":{"start":{"line":176,"column":6},"end":{"line":179,"column":7}},"type":"if","locations":[{"start":{"line":176,"column":6},"end":{"line":179,"column":7}},{"start":{},"end":{}}],"line":176},"8":{"loc":{"start":{"line":176,"column":10},"end":{"line":176,"column":64}},"type":"binary-expr","locations":[{"start":{"line":176,"column":10},"end":{"line":176,"column":36}},{"start":{"line":176,"column":40},"end":{"line":176,"column":64}}],"line":176},"9":{"loc":{"start":{"line":184,"column":4},"end":{"line":186,"column":5}},"type":"if","locations":[{"start":{"line":184,"column":4},"end":{"line":186,"column":5}},{"start":{},"end":{}}],"line":184},"10":{"loc":{"start":{"line":195,"column":8},"end":{"line":197,"column":9}},"type":"if","locations":[{"start":{"line":195,"column":8},"end":{"line":197,"column":9}},{"start":{},"end":{}}],"line":195},"11":{"loc":{"start":{"line":217,"column":8},"end":{"line":220,"column":9}},"type":"if","locations":[{"start":{"line":217,"column":8},"end":{"line":220,"column":9}},{"start":{},"end":{}}],"line":217},"12":{"loc":{"start":{"line":235,"column":4},"end":{"line":237,"column":5}},"type":"if","locations":[{"start":{"line":235,"column":4},"end":{"line":237,"column":5}},{"start":{},"end":{}}],"line":235},"13":{"loc":{"start":{"line":253,"column":2},"end":{"line":257,"column":3}},"type":"if","locations":[{"start":{"line":253,"column":2},"end":{"line":257,"column":3}},{"start":{},"end":{}}],"line":253},"14":{"loc":{"start":{"line":260,"column":4},"end":{"line":264,"column":5}},"type":"if","locations":[{"start":{"line":260,"column":4},"end":{"line":264,"column":5}},{"start":{},"end":{}}],"line":260}},"s":{"0":1,"1":1,"2":1,"3":1,"4":1,"5":1,"6":1,"7":1,"8":3,"9":3,"10":1,"11":1,"12":2,"13":1,"14":1,"15":1,"16":1,"17":1,"18":2,"19":2,"20":2,"21":1,"22":1,"23":1,"24":9,"25":9,"26":9,"27":1,"28":8,"29":8,"30":8,"31":8,"32":0,"33":8,"34":8,"35":8,"36":0,"37":1,"38":2,"39":2,"40":2,"41":2,"42":1,"43":1,"44":1,"45":1,"46":1,"47":0,"48":1,"49":1,"50":1,"51":0,"52":1,"53":1,"54":0,"55":1,"56":1,"57":1,"58":1,"59":1,"60":1,"61":1,"62":1,"63":0,"64":0,"65":0,"66":1,"67":1,"68":0,"69":1,"70":1,"71":1,"72":0,"73":1,"74":1,"75":0,"76":1,"77":2,"78":2,"79":2,"80":2,"81":2,"82":1,"83":1,"84":1,"85":0,"86":0,"87":1,"88":1,"89":0,"90":1,"91":1,"92":1,"93":1,"94":1,"95":1,"96":1,"97":1,"98":1,"99":0,"100":1,"101":1,"102":1,"103":0,"104":1,"105":1,"106":0,"107":1},"f":{"0":3,"1":2,"2":9,"3":2,"4":1,"5":1,"6":2,"7":1,"8":1,"9":1},"b":{"0":[1,2],"1":[1,1],"2":[1,8],"3":[0,8],"4":[1,1],"5":[0,1],"6":[0,1],"7":[0,0],"8":[0,0],"9":[0,1],"10":[0,1],"11":[0,1],"12":[0,1],"13":[0,1],"14":[0,1]},"_coverageSchema":"1a1c01bbd47fc00a2c39e90264f33305004495a9","hash":"a19a40faaa707004cff65acb29066b37d48f5d3d"},"/code/src/Models/ClientSchema.js":{"path":"/code/src/Models/ClientSchema.js","statementMap":{"0":{"start":{"line":1,"column":17},"end":{"line":1,"column":36}},"1":{"start":{"line":3,"column":21},"end":{"line":102,"column":2}},"2":{"start":{"line":104,"column":0},"end":{"line":104,"column":56}}},"fnMap":{},"branchMap":{},"s":{"0":1,"1":1,"2":1},"f":{},"b":{},"_coverageSchema":"1a1c01bbd47fc00a2c39e90264f33305004495a9","hash":"b3096ba210d592e0625ec4802b73504b4030ee42"},"/code/src/Utils/validate.js":{"path":"/code/src/Utils/validate.js","statementMap":{"0":{"start":{"line":1,"column":21},"end":{"line":4,"column":1}},"1":{"start":{"line":2,"column":16},"end":{"line":2,"column":64}},"2":{"start":{"line":3,"column":2},"end":{"line":3,"column":26}},"3":{"start":{"line":7,"column":13},"end":{"line":7,"column":14}},"4":{"start":{"line":10,"column":24},"end":{"line":10,"column":38}},"5":{"start":{"line":12,"column":2},"end":{"line":12,"column":48}},"6":{"start":{"line":12,"column":35},"end":{"line":12,"column":48}},"7":{"start":{"line":14,"column":2},"end":{"line":25,"column":48}},"8":{"start":{"line":25,"column":35},"end":{"line":25,"column":48}},"9":{"start":{"line":27,"column":2},"end":{"line":27,"column":90}},"10":{"start":{"line":27,"column":27},"end":{"line":27,"column":90}},"11":{"start":{"line":29,"column":2},"end":{"line":29,"column":27}},"12":{"start":{"line":31,"column":2},"end":{"line":31,"column":48}},"13":{"start":{"line":31,"column":38},"end":{"line":31,"column":48}},"14":{"start":{"line":33,"column":2},"end":{"line":33,"column":70}},"15":{"start":{"line":33,"column":57},"end":{"line":33,"column":70}},"16":{"start":{"line":35,"column":2},"end":{"line":35,"column":11}},"17":{"start":{"line":37,"column":2},"end":{"line":37,"column":91}},"18":{"start":{"line":37,"column":28},"end":{"line":37,"column":91}},"19":{"start":{"line":39,"column":2},"end":{"line":39,"column":27}},"20":{"start":{"line":41,"column":2},"end":{"line":41,"column":48}},"21":{"start":{"line":41,"column":38},"end":{"line":41,"column":48}},"22":{"start":{"line":43,"column":2},"end":{"line":43,"column":71}},"23":{"start":{"line":43,"column":58},"end":{"line":43,"column":71}},"24":{"start":{"line":45,"column":2},"end":{"line":45,"column":14}},"25":{"start":{"line":48,"column":20},"end":{"line":51,"column":1}},"26":{"start":{"line":49,"column":17},"end":{"line":49,"column":31}},"27":{"start":{"line":50,"column":2},"end":{"line":50,"column":16}},"28":{"start":{"line":53,"column":22},"end":{"line":56,"column":1}},"29":{"start":{"line":54,"column":16},"end":{"line":54,"column":175}},"30":{"start":{"line":55,"column":2},"end":{"line":55,"column":27}},"31":{"start":{"line":58,"column":22},"end":{"line":61,"column":1}},"32":{"start":{"line":59,"column":16},"end":{"line":59,"column":32}},"33":{"start":{"line":60,"column":2},"end":{"line":60,"column":27}},"34":{"start":{"line":63,"column":25},"end":{"line":75,"column":1}},"35":{"start":{"line":64,"column":17},"end":{"line":64,"column":19}},"36":{"start":{"line":66,"column":2},"end":{"line":68,"column":3}},"37":{"start":{"line":67,"column":4},"end":{"line":67,"column":32}},"38":{"start":{"line":68,"column":4},"end":{"line":70,"column":3}},"39":{"start":{"line":69,"column":4},"end":{"line":69,"column":39}},"40":{"start":{"line":70,"column":4},"end":{"line":72,"column":3}},"41":{"start":{"line":71,"column":4},"end":{"line":71,"column":33}},"42":{"start":{"line":74,"column":2},"end":{"line":74,"column":16}},"43":{"start":{"line":77,"column":17},"end":{"line":93,"column":1}},"44":{"start":{"line":78,"column":14},"end":{"line":78,"column":16}},"45":{"start":{"line":80,"column":2},"end":{"line":82,"column":3}},"46":{"start":{"line":81,"column":4},"end":{"line":81,"column":29}},"47":{"start":{"line":82,"column":4},"end":{"line":84,"column":3}},"48":{"start":{"line":83,"column":4},"end":{"line":83,"column":28}},"49":{"start":{"line":84,"column":4},"end":{"line":86,"column":3}},"50":{"start":{"line":85,"column":4},"end":{"line":85,"column":30}},"51":{"start":{"line":86,"column":4},"end":{"line":88,"column":3}},"52":{"start":{"line":87,"column":4},"end":{"line":87,"column":30}},"53":{"start":{"line":88,"column":4},"end":{"line":90,"column":3}},"54":{"start":{"line":89,"column":4},"end":{"line":89,"column":40}},"55":{"start":{"line":92,"column":2},"end":{"line":92,"column":13}},"56":{"start":{"line":95,"column":23},"end":{"line":98,"column":1}},"57":{"start":{"line":96,"column":16},"end":{"line":96,"column":32}},"58":{"start":{"line":97,"column":2},"end":{"line":97,"column":28}},"59":{"start":{"line":100,"column":0},"end":{"line":100,"column":64}}},"fnMap":{"0":{"name":"(anonymous_0)","decl":{"start":{"line":1,"column":21},"end":{"line":1,"column":22}},"loc":{"start":{"line":1,"column":31},"end":{"line":4,"column":1}},"line":1},"1":{"name":"validaCPF","decl":{"start":{"line":6,"column":9},"end":{"line":6,"column":18}},"loc":{"start":{"line":6,"column":24},"end":{"line":46,"column":1}},"line":6},"2":{"name":"(anonymous_2)","decl":{"start":{"line":48,"column":20},"end":{"line":48,"column":21}},"loc":{"start":{"line":48,"column":29},"end":{"line":51,"column":1}},"line":48},"3":{"name":"(anonymous_3)","decl":{"start":{"line":53,"column":22},"end":{"line":53,"column":23}},"loc":{"start":{"line":53,"column":33},"end":{"line":56,"column":1}},"line":53},"4":{"name":"(anonymous_4)","decl":{"start":{"line":58,"column":22},"end":{"line":58,"column":23}},"loc":{"start":{"line":58,"column":33},"end":{"line":61,"column":1}},"line":58},"5":{"name":"(anonymous_5)","decl":{"start":{"line":63,"column":25},"end":{"line":63,"column":26}},"loc":{"start":{"line":63,"column":55},"end":{"line":75,"column":1}},"line":63},"6":{"name":"(anonymous_6)","decl":{"start":{"line":77,"column":17},"end":{"line":77,"column":18}},"loc":{"start":{"line":77,"column":62},"end":{"line":93,"column":1}},"line":77},"7":{"name":"(anonymous_7)","decl":{"start":{"line":95,"column":23},"end":{"line":95,"column":24}},"loc":{"start":{"line":95,"column":35},"end":{"line":98,"column":1}},"line":95}},"branchMap":{"0":{"loc":{"start":{"line":12,"column":2},"end":{"line":12,"column":48}},"type":"if","locations":[{"start":{"line":12,"column":2},"end":{"line":12,"column":48}},{"start":{},"end":{}}],"line":12},"1":{"loc":{"start":{"line":14,"column":2},"end":{"line":25,"column":48}},"type":"if","locations":[{"start":{"line":14,"column":2},"end":{"line":25,"column":48}},{"start":{},"end":{}}],"line":14},"2":{"loc":{"start":{"line":31,"column":2},"end":{"line":31,"column":48}},"type":"if","locations":[{"start":{"line":31,"column":2},"end":{"line":31,"column":48}},{"start":{},"end":{}}],"line":31},"3":{"loc":{"start":{"line":31,"column":6},"end":{"line":31,"column":36}},"type":"binary-expr","locations":[{"start":{"line":31,"column":7},"end":{"line":31,"column":18}},{"start":{"line":31,"column":24},"end":{"line":31,"column":35}}],"line":31},"4":{"loc":{"start":{"line":33,"column":2},"end":{"line":33,"column":70}},"type":"if","locations":[{"start":{"line":33,"column":2},"end":{"line":33,"column":70}},{"start":{},"end":{}}],"line":33},"5":{"loc":{"start":{"line":41,"column":2},"end":{"line":41,"column":48}},"type":"if","locations":[{"start":{"line":41,"column":2},"end":{"line":41,"column":48}},{"start":{},"end":{}}],"line":41},"6":{"loc":{"start":{"line":41,"column":6},"end":{"line":41,"column":36}},"type":"binary-expr","locations":[{"start":{"line":41,"column":7},"end":{"line":41,"column":18}},{"start":{"line":41,"column":24},"end":{"line":41,"column":35}}],"line":41},"7":{"loc":{"start":{"line":43,"column":2},"end":{"line":43,"column":71}},"type":"if","locations":[{"start":{"line":43,"column":2},"end":{"line":43,"column":71}},{"start":{},"end":{}}],"line":43},"8":{"loc":{"start":{"line":66,"column":2},"end":{"line":68,"column":3}},"type":"if","locations":[{"start":{"line":66,"column":2},"end":{"line":68,"column":3}},{"start":{},"end":{}}],"line":66},"9":{"loc":{"start":{"line":68,"column":4},"end":{"line":70,"column":3}},"type":"if","locations":[{"start":{"line":68,"column":4},"end":{"line":70,"column":3}},{"start":{},"end":{}}],"line":68},"10":{"loc":{"start":{"line":70,"column":4},"end":{"line":72,"column":3}},"type":"if","locations":[{"start":{"line":70,"column":4},"end":{"line":72,"column":3}},{"start":{},"end":{}}],"line":70},"11":{"loc":{"start":{"line":80,"column":2},"end":{"line":82,"column":3}},"type":"if","locations":[{"start":{"line":80,"column":2},"end":{"line":82,"column":3}},{"start":{},"end":{}}],"line":80},"12":{"loc":{"start":{"line":82,"column":4},"end":{"line":84,"column":3}},"type":"if","locations":[{"start":{"line":82,"column":4},"end":{"line":84,"column":3}},{"start":{},"end":{}}],"line":82},"13":{"loc":{"start":{"line":84,"column":4},"end":{"line":86,"column":3}},"type":"if","locations":[{"start":{"line":84,"column":4},"end":{"line":86,"column":3}},{"start":{},"end":{}}],"line":84},"14":{"loc":{"start":{"line":86,"column":4},"end":{"line":88,"column":3}},"type":"if","locations":[{"start":{"line":86,"column":4},"end":{"line":88,"column":3}},{"start":{},"end":{}}],"line":86},"15":{"loc":{"start":{"line":88,"column":4},"end":{"line":90,"column":3}},"type":"if","locations":[{"start":{"line":88,"column":4},"end":{"line":90,"column":3}},{"start":{},"end":{}}],"line":88}},"s":{"0":1,"1":11,"2":11,"3":11,"4":11,"5":11,"6":2,"7":9,"8":0,"9":9,"10":81,"11":9,"12":9,"13":1,"14":9,"15":0,"16":9,"17":9,"18":90,"19":9,"20":9,"21":0,"22":9,"23":0,"24":9,"25":1,"26":11,"27":11,"28":1,"29":11,"30":11,"31":1,"32":22,"33":22,"34":1,"35":7,"36":7,"37":2,"38":7,"39":2,"40":7,"41":2,"42":7,"43":1,"44":11,"45":11,"46":2,"47":11,"48":2,"49":11,"50":2,"51":11,"52":2,"53":11,"54":2,"55":11,"56":1,"57":1,"58":1,"59":1},"f":{"0":11,"1":11,"2":11,"3":11,"4":22,"5":7,"6":11,"7":1},"b":{"0":[2,9],"1":[0,9],"2":[1,8],"3":[9,8],"4":[0,9],"5":[0,9],"6":[9,9],"7":[0,9],"8":[2,5],"9":[2,5],"10":[2,5],"11":[2,9],"12":[2,9],"13":[2,9],"14":[2,9],"15":[2,9]},"_coverageSchema":"1a1c01bbd47fc00a2c39e90264f33305004495a9","hash":"34c9d03cb5cee373ae1e8565831029f2008d6927"},"/code/src/Utils/mailer.js":{"path":"/code/src/Utils/mailer.js","statementMap":{"0":{"start":{"line":1,"column":19},"end":{"line":1,"column":40}},"1":{"start":{"line":2,"column":17},"end":{"line":2,"column":41}},"2":{"start":{"line":3,"column":0},"end":{"line":3,"column":27}},"3":{"start":{"line":7,"column":4},"end":{"line":7,"column":15}},"4":{"start":{"line":9,"column":20},"end":{"line":16,"column":2}},"5":{"start":{"line":18,"column":18},"end":{"line":20,"column":1}},"6":{"start":{"line":19,"column":2},"end":{"line":19,"column":35}},"7":{"start":{"line":22,"column":22},"end":{"line":30,"column":1}},"8":{"start":{"line":23,"column":2},"end":{"line":29,"column":3}},"9":{"start":{"line":24,"column":4},"end":{"line":24,"column":26}},"10":{"start":{"line":26,"column":17},"end":{"line":26,"column":37}},"11":{"start":{"line":27,"column":26},"end":{"line":27,"column":89}},"12":{"start":{"line":28,"column":4},"end":{"line":28,"column":69}},"13":{"start":{"line":28,"column":46},"end":{"line":28,"column":67}},"14":{"start":{"line":32,"column":0},"end":{"line":35,"column":2}}},"fnMap":{"0":{"name":"(anonymous_0)","decl":{"start":{"line":18,"column":18},"end":{"line":18,"column":19}},"loc":{"start":{"line":18,"column":34},"end":{"line":20,"column":1}},"line":18},"1":{"name":"(anonymous_1)","decl":{"start":{"line":22,"column":22},"end":{"line":22,"column":23}},"loc":{"start":{"line":22,"column":50},"end":{"line":30,"column":1}},"line":22},"2":{"name":"(anonymous_2)","decl":{"start":{"line":28,"column":40},"end":{"line":28,"column":41}},"loc":{"start":{"line":28,"column":46},"end":{"line":28,"column":67}},"line":28}},"branchMap":{"0":{"loc":{"start":{"line":23,"column":2},"end":{"line":29,"column":3}},"type":"if","locations":[{"start":{"line":23,"column":2},"end":{"line":29,"column":3}},{"start":{"line":25,"column":9},"end":{"line":29,"column":3}}],"line":23}},"s":{"0":1,"1":1,"2":1,"3":1,"4":1,"5":1,"6":0,"7":1,"8":1,"9":0,"10":1,"11":1,"12":1,"13":0,"14":1},"f":{"0":0,"1":1,"2":0},"b":{"0":[0,1]},"_coverageSchema":"1a1c01bbd47fc00a2c39e90264f33305004495a9","hash":"46d4678421c1f96a140ed47de822724d1f34baab"},"/code/src/Utils/verifyChanges.js":{"path":"/code/src/Utils/verifyChanges.js","statementMap":{"0":{"start":{"line":1,"column":15},"end":{"line":1,"column":41}},"1":{"start":{"line":2,"column":15},"end":{"line":2,"column":48}},"2":{"start":{"line":4,"column":21},"end":{"line":13,"column":1}},"3":{"start":{"line":5,"column":15},"end":{"line":5,"column":96}},"4":{"start":{"line":6,"column":2},"end":{"line":12,"column":4}},"5":{"start":{"line":15,"column":22},"end":{"line":46,"column":1}},"6":{"start":{"line":16,"column":17},"end":{"line":16,"column":50}},"7":{"start":{"line":18,"column":21},"end":{"line":18,"column":23}},"8":{"start":{"line":20,"column":2},"end":{"line":22,"column":3}},"9":{"start":{"line":21,"column":4},"end":{"line":21,"column":56}},"10":{"start":{"line":23,"column":2},"end":{"line":25,"column":3}},"11":{"start":{"line":24,"column":4},"end":{"line":24,"column":55}},"12":{"start":{"line":26,"column":2},"end":{"line":28,"column":3}},"13":{"start":{"line":27,"column":4},"end":{"line":27,"column":57}},"14":{"start":{"line":29,"column":2},"end":{"line":31,"column":3}},"15":{"start":{"line":30,"column":4},"end":{"line":30,"column":57}},"16":{"start":{"line":32,"column":2},"end":{"line":34,"column":3}},"17":{"start":{"line":33,"column":4},"end":{"line":33,"column":66}},"18":{"start":{"line":35,"column":2},"end":{"line":37,"column":3}},"19":{"start":{"line":36,"column":4},"end":{"line":36,"column":58}},"20":{"start":{"line":38,"column":2},"end":{"line":40,"column":3}},"21":{"start":{"line":39,"column":4},"end":{"line":39,"column":59}},"22":{"start":{"line":41,"column":2},"end":{"line":43,"column":3}},"23":{"start":{"line":42,"column":4},"end":{"line":42,"column":60}},"24":{"start":{"line":45,"column":2},"end":{"line":45,"column":44}},"25":{"start":{"line":48,"column":0},"end":{"line":48,"column":31}}},"fnMap":{"0":{"name":"(anonymous_0)","decl":{"start":{"line":4,"column":21},"end":{"line":4,"column":22}},"loc":{"start":{"line":4,"column":46},"end":{"line":13,"column":1}},"line":4},"1":{"name":"(anonymous_1)","decl":{"start":{"line":15,"column":22},"end":{"line":15,"column":23}},"loc":{"start":{"line":15,"column":42},"end":{"line":46,"column":1}},"line":15}},"branchMap":{"0":{"loc":{"start":{"line":20,"column":2},"end":{"line":22,"column":3}},"type":"if","locations":[{"start":{"line":20,"column":2},"end":{"line":22,"column":3}},{"start":{},"end":{}}],"line":20},"1":{"loc":{"start":{"line":23,"column":2},"end":{"line":25,"column":3}},"type":"if","locations":[{"start":{"line":23,"column":2},"end":{"line":25,"column":3}},{"start":{},"end":{}}],"line":23},"2":{"loc":{"start":{"line":26,"column":2},"end":{"line":28,"column":3}},"type":"if","locations":[{"start":{"line":26,"column":2},"end":{"line":28,"column":3}},{"start":{},"end":{}}],"line":26},"3":{"loc":{"start":{"line":29,"column":2},"end":{"line":31,"column":3}},"type":"if","locations":[{"start":{"line":29,"column":2},"end":{"line":31,"column":3}},{"start":{},"end":{}}],"line":29},"4":{"loc":{"start":{"line":32,"column":2},"end":{"line":34,"column":3}},"type":"if","locations":[{"start":{"line":32,"column":2},"end":{"line":34,"column":3}},{"start":{},"end":{}}],"line":32},"5":{"loc":{"start":{"line":35,"column":2},"end":{"line":37,"column":3}},"type":"if","locations":[{"start":{"line":35,"column":2},"end":{"line":37,"column":3}},{"start":{},"end":{}}],"line":35},"6":{"loc":{"start":{"line":38,"column":2},"end":{"line":40,"column":3}},"type":"if","locations":[{"start":{"line":38,"column":2},"end":{"line":40,"column":3}},{"start":{},"end":{}}],"line":38},"7":{"loc":{"start":{"line":41,"column":2},"end":{"line":43,"column":3}},"type":"if","locations":[{"start":{"line":41,"column":2},"end":{"line":43,"column":3}},{"start":{},"end":{}}],"line":41}},"s":{"0":1,"1":1,"2":1,"3":3,"4":3,"5":1,"6":1,"7":1,"8":1,"9":0,"10":1,"11":1,"12":1,"13":1,"14":1,"15":0,"16":1,"17":0,"18":1,"19":0,"20":1,"21":0,"22":1,"23":1,"24":1,"25":1},"f":{"0":3,"1":1},"b":{"0":[0,1],"1":[1,0],"2":[1,0],"3":[0,1],"4":[0,1],"5":[0,1],"6":[0,1],"7":[1,0]},"_coverageSchema":"1a1c01bbd47fc00a2c39e90264f33305004495a9","hash":"7063218c510c91b8daa51b266b3f2e1d2eec2115"},"/code/src/Services/Axios/userService.js":{"path":"/code/src/Services/Axios/userService.js","statementMap":{"0":{"start":{"line":1,"column":21},"end":{"line":1,"column":45}},"1":{"start":{"line":3,"column":16},"end":{"line":14,"column":1}},"2":{"start":{"line":4,"column":2},"end":{"line":13,"column":3}},"3":{"start":{"line":5,"column":17},"end":{"line":6,"column":40}},"4":{"start":{"line":6,"column":26},"end":{"line":6,"column":39}},"5":{"start":{"line":7,"column":4},"end":{"line":9,"column":5}},"6":{"start":{"line":8,"column":6},"end":{"line":8,"column":41}},"7":{"start":{"line":10,"column":4},"end":{"line":10,"column":16}},"8":{"start":{"line":12,"column":4},"end":{"line":12,"column":54}},"9":{"start":{"line":16,"column":0},"end":{"line":16,"column":29}}},"fnMap":{"0":{"name":"(anonymous_0)","decl":{"start":{"line":3,"column":16},"end":{"line":3,"column":17}},"loc":{"start":{"line":3,"column":41},"end":{"line":14,"column":1}},"line":3},"1":{"name":"(anonymous_1)","decl":{"start":{"line":6,"column":12},"end":{"line":6,"column":13}},"loc":{"start":{"line":6,"column":26},"end":{"line":6,"column":39}},"line":6}},"branchMap":{"0":{"loc":{"start":{"line":7,"column":4},"end":{"line":9,"column":5}},"type":"if","locations":[{"start":{"line":7,"column":4},"end":{"line":9,"column":5}},{"start":{},"end":{}}],"line":7}},"s":{"0":2,"1":2,"2":11,"3":11,"4":11,"5":11,"6":0,"7":11,"8":0,"9":2},"f":{"0":11,"1":11},"b":{"0":[0,11]},"_coverageSchema":"1a1c01bbd47fc00a2c39e90264f33305004495a9","hash":"3d73f3f3511382cdbc8fe4b5f75a8b4d7fccdaa1"},"/code/src/Services/Axios/baseService.js":{"path":"/code/src/Services/Axios/baseService.js","statementMap":{"0":{"start":{"line":1,"column":14},"end":{"line":1,"column":30}},"1":{"start":{"line":3,"column":35},"end":{"line":3,"column":46}},"2":{"start":{"line":5,"column":17},"end":{"line":7,"column":2}},"3":{"start":{"line":9,"column":19},"end":{"line":11,"column":2}},"4":{"start":{"line":13,"column":0},"end":{"line":16,"column":2}}},"fnMap":{},"branchMap":{},"s":{"0":2,"1":2,"2":2,"3":2,"4":2},"f":{},"b":{},"_coverageSchema":"1a1c01bbd47fc00a2c39e90264f33305004495a9","hash":"e9481f85b98a0f05334466444cb1d791f39e60f2"},"/code/src/Services/Axios/demandService.js":{"path":"/code/src/Services/Axios/demandService.js","statementMap":{"0":{"start":{"line":1,"column":23},"end":{"line":1,"column":47}},"1":{"start":{"line":3,"column":19},"end":{"line":13,"column":1}},"2":{"start":{"line":4,"column":2},"end":{"line":12,"column":3}},"3":{"start":{"line":5,"column":20},"end":{"line":7,"column":40}},"4":{"start":{"line":7,"column":26},"end":{"line":7,"column":39}},"5":{"start":{"line":8,"column":4},"end":{"line":8,"column":19}},"6":{"start":{"line":10,"column":4},"end":{"line":10,"column":21}},"7":{"start":{"line":11,"column":4},"end":{"line":11,"column":57}},"8":{"start":{"line":33,"column":0},"end":{"line":36,"column":2}}},"fnMap":{"0":{"name":"(anonymous_0)","decl":{"start":{"line":3,"column":19},"end":{"line":3,"column":20}},"loc":{"start":{"line":3,"column":36},"end":{"line":13,"column":1}},"line":3},"1":{"name":"(anonymous_1)","decl":{"start":{"line":7,"column":12},"end":{"line":7,"column":13}},"loc":{"start":{"line":7,"column":26},"end":{"line":7,"column":39}},"line":7}},"branchMap":{},"s":{"0":1,"1":1,"2":1,"3":1,"4":1,"5":1,"6":0,"7":0,"8":1},"f":{"0":1,"1":1},"b":{},"_coverageSchema":"1a1c01bbd47fc00a2c39e90264f33305004495a9","hash":"8ab198ab6773d06401ec9b36ee1f55b8b9f6506f"},"/code/src/Controllers/FeatureController.js":{"path":"/code/src/Controllers/FeatureController.js","statementMap":{"0":{"start":{"line":1,"column":15},"end":{"line":1,"column":41}},"1":{"start":{"line":2,"column":16},"end":{"line":2,"column":50}},"2":{"start":{"line":3,"column":29},"end":{"line":3,"column":57}},"3":{"start":{"line":5,"column":24},"end":{"line":9,"column":1}},"4":{"start":{"line":6,"column":19},"end":{"line":6,"column":39}},"5":{"start":{"line":8,"column":2},"end":{"line":8,"column":28}},"6":{"start":{"line":11,"column":24},"end":{"line":19,"column":1}},"7":{"start":{"line":12,"column":27},"end":{"line":12,"column":35}},"8":{"start":{"line":13,"column":2},"end":{"line":18,"column":3}},"9":{"start":{"line":14,"column":21},"end":{"line":14,"column":71}},"10":{"start":{"line":15,"column":4},"end":{"line":15,"column":42}},"11":{"start":{"line":17,"column":4},"end":{"line":17,"column":59}},"12":{"start":{"line":21,"column":22},"end":{"line":41,"column":1}},"13":{"start":{"line":24,"column":6},"end":{"line":24,"column":14}},"14":{"start":{"line":26,"column":20},"end":{"line":26,"column":62}},"15":{"start":{"line":28,"column":2},"end":{"line":30,"column":3}},"16":{"start":{"line":29,"column":4},"end":{"line":29,"column":56}},"17":{"start":{"line":32,"column":21},"end":{"line":38,"column":4}},"18":{"start":{"line":40,"column":2},"end":{"line":40,"column":42}},"19":{"start":{"line":43,"column":22},"end":{"line":66,"column":1}},"20":{"start":{"line":44,"column":17},"end":{"line":44,"column":27}},"21":{"start":{"line":47,"column":6},"end":{"line":47,"column":14}},"22":{"start":{"line":49,"column":20},"end":{"line":49,"column":62}},"23":{"start":{"line":51,"column":2},"end":{"line":53,"column":3}},"24":{"start":{"line":52,"column":4},"end":{"line":52,"column":56}},"25":{"start":{"line":55,"column":2},"end":{"line":65,"column":3}},"26":{"start":{"line":56,"column":27},"end":{"line":61,"column":43}},"27":{"start":{"line":61,"column":35},"end":{"line":61,"column":42}},"28":{"start":{"line":62,"column":4},"end":{"line":62,"column":48}},"29":{"start":{"line":64,"column":4},"end":{"line":64,"column":59}},"30":{"start":{"line":68,"column":22},"end":{"line":77,"column":1}},"31":{"start":{"line":69,"column":17},"end":{"line":69,"column":27}},"32":{"start":{"line":71,"column":2},"end":{"line":76,"column":3}},"33":{"start":{"line":72,"column":4},"end":{"line":72,"column":41}},"34":{"start":{"line":73,"column":4},"end":{"line":73,"column":56}},"35":{"start":{"line":75,"column":4},"end":{"line":75,"column":59}},"36":{"start":{"line":79,"column":0},"end":{"line":81,"column":2}}},"fnMap":{"0":{"name":"(anonymous_0)","decl":{"start":{"line":5,"column":24},"end":{"line":5,"column":25}},"loc":{"start":{"line":5,"column":44},"end":{"line":9,"column":1}},"line":5},"1":{"name":"(anonymous_1)","decl":{"start":{"line":11,"column":24},"end":{"line":11,"column":25}},"loc":{"start":{"line":11,"column":44},"end":{"line":19,"column":1}},"line":11},"2":{"name":"(anonymous_2)","decl":{"start":{"line":21,"column":22},"end":{"line":21,"column":23}},"loc":{"start":{"line":21,"column":42},"end":{"line":41,"column":1}},"line":21},"3":{"name":"(anonymous_3)","decl":{"start":{"line":43,"column":22},"end":{"line":43,"column":23}},"loc":{"start":{"line":43,"column":42},"end":{"line":66,"column":1}},"line":43},"4":{"name":"(anonymous_4)","decl":{"start":{"line":61,"column":22},"end":{"line":61,"column":23}},"loc":{"start":{"line":61,"column":35},"end":{"line":61,"column":42}},"line":61},"5":{"name":"(anonymous_5)","decl":{"start":{"line":68,"column":22},"end":{"line":68,"column":23}},"loc":{"start":{"line":68,"column":42},"end":{"line":77,"column":1}},"line":68}},"branchMap":{"0":{"loc":{"start":{"line":28,"column":2},"end":{"line":30,"column":3}},"type":"if","locations":[{"start":{"line":28,"column":2},"end":{"line":30,"column":3}},{"start":{},"end":{}}],"line":28},"1":{"loc":{"start":{"line":51,"column":2},"end":{"line":53,"column":3}},"type":"if","locations":[{"start":{"line":51,"column":2},"end":{"line":53,"column":3}},{"start":{},"end":{}}],"line":51}},"s":{"0":1,"1":1,"2":1,"3":1,"4":1,"5":1,"6":1,"7":2,"8":2,"9":2,"10":1,"11":1,"12":1,"13":4,"14":4,"15":4,"16":3,"17":1,"18":1,"19":1,"20":3,"21":3,"22":3,"23":3,"24":1,"25":2,"26":2,"27":2,"28":1,"29":1,"30":1,"31":2,"32":2,"33":2,"34":1,"35":1,"36":1},"f":{"0":1,"1":2,"2":4,"3":3,"4":2,"5":2},"b":{"0":[3,1],"1":[1,2]},"_coverageSchema":"1a1c01bbd47fc00a2c39e90264f33305004495a9","hash":"51a74730a2df99511b5f4764599ffbbcddb78648"},"/code/src/Models/FeatureSchema.js":{"path":"/code/src/Models/FeatureSchema.js","statementMap":{"0":{"start":{"line":1,"column":17},"end":{"line":1,"column":36}},"1":{"start":{"line":3,"column":22},"end":{"line":24,"column":2}},"2":{"start":{"line":26,"column":0},"end":{"line":26,"column":58}}},"fnMap":{},"branchMap":{},"s":{"0":1,"1":1,"2":1},"f":{},"b":{},"_coverageSchema":"1a1c01bbd47fc00a2c39e90264f33305004495a9","hash":"82bb311832adad14bad3733e2a4f8bed589df20e"},"/code/src/Controllers/LotacaoController.js":{"path":"/code/src/Controllers/LotacaoController.js","statementMap":{"0":{"start":{"line":1,"column":15},"end":{"line":1,"column":41}},"1":{"start":{"line":2,"column":16},"end":{"line":2,"column":50}},"2":{"start":{"line":4,"column":15},"end":{"line":21,"column":1}},"3":{"start":{"line":7,"column":6},"end":{"line":7,"column":14}},"4":{"start":{"line":9,"column":2},"end":{"line":20,"column":3}},"5":{"start":{"line":10,"column":17},"end":{"line":10,"column":98}},"6":{"start":{"line":11,"column":20},"end":{"line":16,"column":6}},"7":{"start":{"line":17,"column":4},"end":{"line":17,"column":29}},"8":{"start":{"line":19,"column":4},"end":{"line":19,"column":61}},"9":{"start":{"line":23,"column":19},"end":{"line":26,"column":1}},"10":{"start":{"line":24,"column":24},"end":{"line":24,"column":44}},"11":{"start":{"line":25,"column":2},"end":{"line":25,"column":33}},"12":{"start":{"line":28,"column":15},"end":{"line":45,"column":1}},"13":{"start":{"line":29,"column":17},"end":{"line":29,"column":27}},"14":{"start":{"line":32,"column":6},"end":{"line":32,"column":14}},"15":{"start":{"line":34,"column":2},"end":{"line":44,"column":3}},"16":{"start":{"line":35,"column":20},"end":{"line":40,"column":18}},"17":{"start":{"line":41,"column":4},"end":{"line":41,"column":29}},"18":{"start":{"line":43,"column":4},"end":{"line":43,"column":64}},"19":{"start":{"line":47,"column":22},"end":{"line":55,"column":1}},"20":{"start":{"line":48,"column":17},"end":{"line":48,"column":27}},"21":{"start":{"line":49,"column":2},"end":{"line":54,"column":3}},"22":{"start":{"line":50,"column":4},"end":{"line":50,"column":41}},"23":{"start":{"line":51,"column":4},"end":{"line":51,"column":56}},"24":{"start":{"line":53,"column":4},"end":{"line":53,"column":59}},"25":{"start":{"line":57,"column":0},"end":{"line":59,"column":2}}},"fnMap":{"0":{"name":"(anonymous_0)","decl":{"start":{"line":4,"column":15},"end":{"line":4,"column":16}},"loc":{"start":{"line":4,"column":35},"end":{"line":21,"column":1}},"line":4},"1":{"name":"(anonymous_1)","decl":{"start":{"line":23,"column":19},"end":{"line":23,"column":20}},"loc":{"start":{"line":23,"column":39},"end":{"line":26,"column":1}},"line":23},"2":{"name":"(anonymous_2)","decl":{"start":{"line":28,"column":15},"end":{"line":28,"column":16}},"loc":{"start":{"line":28,"column":35},"end":{"line":45,"column":1}},"line":28},"3":{"name":"(anonymous_3)","decl":{"start":{"line":47,"column":22},"end":{"line":47,"column":23}},"loc":{"start":{"line":47,"column":42},"end":{"line":55,"column":1}},"line":47}},"branchMap":{},"s":{"0":1,"1":1,"2":1,"3":5,"4":5,"5":5,"6":5,"7":5,"8":0,"9":1,"10":1,"11":1,"12":1,"13":1,"14":1,"15":1,"16":1,"17":1,"18":0,"19":1,"20":2,"21":2,"22":2,"23":1,"24":1,"25":1},"f":{"0":5,"1":1,"2":1,"3":2},"b":{},"_coverageSchema":"1a1c01bbd47fc00a2c39e90264f33305004495a9","hash":"3a0f477eed70d1f1bf97a64ad25ee2513c7c910e"},"/code/src/Models/LotacaoSchema.js":{"path":"/code/src/Models/LotacaoSchema.js","statementMap":{"0":{"start":{"line":1,"column":17},"end":{"line":1,"column":36}},"1":{"start":{"line":3,"column":22},"end":{"line":21,"column":2}},"2":{"start":{"line":23,"column":0},"end":{"line":23,"column":58}}},"fnMap":{},"branchMap":{},"s":{"0":1,"1":1,"2":1},"f":{},"b":{},"_coverageSchema":"1a1c01bbd47fc00a2c39e90264f33305004495a9","hash":"853e3923502701305ccedcec11fb45f1b92fd162"}}}